2025-03-01 22:02:32,460 - INFO - ====== WebDriver manager ======
2025-03-01 22:02:32,851 - INFO - Get LATEST chromedriver version for google-chrome
2025-03-01 22:02:33,047 - INFO - Get LATEST chromedriver version for google-chrome
2025-03-01 22:02:33,060 - INFO - There is no [linux64] chromedriver "133.0.6943.141" for browser google-chrome "133.0.6943" in cache
2025-03-01 22:02:33,060 - INFO - Get LATEST chromedriver version for google-chrome
2025-03-01 22:02:33,108 - INFO - WebDriver version 133.0.6943.141 selected
2025-03-01 22:02:33,111 - INFO - Modern chrome version https://storage.googleapis.com/chrome-for-testing-public/133.0.6943.141/linux64/chromedriver-linux64.zip
2025-03-01 22:02:33,111 - INFO - About to download new driver from https://storage.googleapis.com/chrome-for-testing-public/133.0.6943.141/linux64/chromedriver-linux64.zip
2025-03-01 22:02:33,138 - INFO - Driver downloading response is 200
2025-03-01 22:02:33,210 - INFO - Get LATEST chromedriver version for google-chrome
2025-03-01 22:02:33,335 - INFO - Driver has been saved in cache [/home/runner/.wdm/drivers/chromedriver/linux64/133.0.6943.141]
2025-03-01 22:02:35,900 - INFO - Səhifə yükləndi: https://www.ecanlitvizle.app/xezer-tv-canli-izle/
2025-03-01 22:02:35,968 - INFO - Iframe-ə keçid edildi.
2025-03-01 22:02:51,136 - ERROR - M3U8 linki əldə edilərkən xəta: Message: 
Stacktrace:
#0 0x560c24cb914a <unknown>
#1 0x560c24756b80 <unknown>
#2 0x560c247a80e9 <unknown>
#3 0x560c247a8271 <unknown>
#4 0x560c247f6de4 <unknown>
#5 0x560c247cdefd <unknown>
#6 0x560c247f414a <unknown>
#7 0x560c247cdca3 <unknown>
#8 0x560c24799f08 <unknown>
#9 0x560c2479b071 <unknown>
#10 0x560c24c82b5b <unknown>
#11 0x560c24c86ae2 <unknown>
#12 0x560c24c6e967 <unknown>
#13 0x560c24c876d4 <unknown>
#14 0x560c24c52c7f <unknown>
#15 0x560c24ca7cd8 <unknown>
#16 0x560c24ca7ea9 <unknown>
#17 0x560c24cb7fc6 <unknown>
#18 0x7fed39a9caa4 <unknown>
#19 0x7fed39b29c3c <unknown>

2025-03-01 22:02:51,334 - INFO - ChromeDriver bağlandı.
